2015-08-27 14:27:30 [127.0.0.1][291][gmvj2gjgao686lh311k5mo3dv6][warning][yii\log\Dispatcher::dispatch] Unable to send log via yii\debug\LogTarget: Exception (Invalid Configuration) 'yii\base\InvalidConfigException' with message 'The directory does not exist: E:/xampp/htdocs/etrain/src/frontend/web/assets' 

in E:\xampp\htdocs\etrain\src\vendor\yiisoft\yii2\web\AssetManager.php:211

Stack trace:
#0 E:\xampp\htdocs\etrain\src\vendor\yiisoft\yii2\base\Object.php(107): yii\web\AssetManager->init()
#1 [internal function]: yii\base\Object->__construct(Array)
#2 E:\xampp\htdocs\etrain\src\vendor\yiisoft\yii2\di\Container.php(366): ReflectionClass->newInstanceArgs(Array)
#3 E:\xampp\htdocs\etrain\src\vendor\yiisoft\yii2\di\Container.php(151): yii\di\Container->build('yii\\web\\AssetMa...', Array, Array)
#4 E:\xampp\htdocs\etrain\src\vendor\yiisoft\yii2\BaseYii.php(344): yii\di\Container->get('yii\\web\\AssetMa...', Array, Array)
#5 E:\xampp\htdocs\etrain\src\vendor\yiisoft\yii2\di\ServiceLocator.php(133): yii\BaseYii::createObject(Array)
#6 E:\xampp\htdocs\etrain\src\vendor\yiisoft\yii2\base\Application.php(600): yii\di\ServiceLocator->get('assetManager')
#7 E:\xampp\htdocs\etrain\src\vendor\yiisoft\yii2\web\View.php(223): yii\base\Application->getAssetManager()
#8 E:\xampp\htdocs\etrain\src\vendor\yiisoft\yii2\base\Component.php(130): yii\web\View->getAssetManager()
#9 E:\xampp\htdocs\etrain\src\vendor\yiisoft\yii2-debug\panels\AssetPanel.php(53): yii\base\Component->__get('assetManager')
#10 E:\xampp\htdocs\etrain\src\vendor\yiisoft\yii2-debug\LogTarget.php(55): yii\debug\panels\AssetPanel->save()
#11 E:\xampp\htdocs\etrain\src\vendor\yiisoft\yii2-debug\LogTarget.php(112): yii\debug\LogTarget->export()
#12 E:\xampp\htdocs\etrain\src\vendor\yiisoft\yii2\log\Dispatcher.php(183): yii\debug\LogTarget->collect(Array, true)
#13 E:\xampp\htdocs\etrain\src\vendor\yiisoft\yii2\log\Logger.php(173): yii\log\Dispatcher->dispatch(Array, true)
#14 [internal function]: yii\log\Logger->flush(true)
#15 {main}
2015-08-27 14:27:29 [127.0.0.1][291][gmvj2gjgao686lh311k5mo3dv6][info][application] $_GET = [
    'courseware_id' => '24'
]

$_COOKIE = [
    'PHPSESSID' => 'gmvj2gjgao686lh311k5mo3dv6'
    '_csrf' => '87a45799a44170dcb1a28bdb568f1c61ef667385f42b26d20994ce61bcfe12f7a:2:{i:0;s:5:\"_csrf\";i:1;s:32:\"_kZjgN5kC67IcRi8IKj6sfaGQspfFe30\";}'
]

$_SESSION = [
    '__flash' => []
    '__id' => 291
]

$_SERVER = [
    'REDIRECT_MIBDIRS' => 'E:/xampp/php/extras/mibs'
    'REDIRECT_MYSQL_HOME' => '\\xampp\\mysql\\bin'
    'REDIRECT_OPENSSL_CONF' => 'E:/xampp/apache/bin/openssl.cnf'
    'REDIRECT_PHP_PEAR_SYSCONF_DIR' => '\\xampp\\php'
    'REDIRECT_PHPRC' => '\\xampp\\php'
    'REDIRECT_TMP' => '\\xampp\\tmp'
    'REDIRECT_STATUS' => '200'
    'MIBDIRS' => 'E:/xampp/php/extras/mibs'
    'MYSQL_HOME' => '\\xampp\\mysql\\bin'
    'OPENSSL_CONF' => 'E:/xampp/apache/bin/openssl.cnf'
    'PHP_PEAR_SYSCONF_DIR' => '\\xampp\\php'
    'PHPRC' => '\\xampp\\php'
    'TMP' => '\\xampp\\tmp'
    'HTTP_HOST' => 'fr'
    'HTTP_USER_AGENT' => 'Mozilla/5.0 (Windows NT 6.1; WOW64; rv:40.0) Gecko/20100101 Firefox/40.0'
    'HTTP_ACCEPT' => 'text/html,application/xhtml+xml,application/xml;q=0.9,*/*;q=0.8'
    'HTTP_ACCEPT_LANGUAGE' => 'zh-CN,zh;q=0.8,en-US;q=0.5,en;q=0.3'
    'HTTP_ACCEPT_ENCODING' => 'gzip, deflate'
    'HTTP_REFERER' => 'http://fr/category/service/44'
    'HTTP_COOKIE' => 'PHPSESSID=gmvj2gjgao686lh311k5mo3dv6; _csrf=87a45799a44170dcb1a28bdb568f1c61ef667385f42b26d20994ce61bcfe12f7a%3A2%3A%7Bi%3A0%3Bs%3A5%3A%22_csrf%22%3Bi%3A1%3Bs%3A32%3A%22_kZjgN5kC67IcRi8IKj6sfaGQspfFe30%22%3B%7D'
    'HTTP_CONNECTION' => 'keep-alive'
    'PATH' => 'C:\\ProgramData\\Oracle\\Java\\javapath;C:\\Windows\\system32;C:\\Windows;C:\\Windows\\System32\\Wbem;C:\\Windows\\System32\\WindowsPowerShell\\v1.0\\;D:\\TortoiseSVN\\bin.;D:\\Java\\jdk1.8.0_51\\lib\\dt.jar;D:\\Java\\jdk1.8.0_51\\lib\\tools.jar;E:\\xampp\\php;C:\\ProgramData\\ComposerSetup\\bin;'
    'SystemRoot' => 'C:\\Windows'
    'COMSPEC' => 'C:\\Windows\\system32\\cmd.exe'
    'PATHEXT' => '.COM;.EXE;.BAT;.CMD;.VBS;.VBE;.JS;.JSE;.WSF;.WSH;.MSC'
    'WINDIR' => 'C:\\Windows'
    'SERVER_SIGNATURE' => '<address>Apache/2.4.12 (Win32) OpenSSL/1.0.1l PHP/5.6.8 Server at fr Port 80</address>
'
    'SERVER_SOFTWARE' => 'Apache/2.4.12 (Win32) OpenSSL/1.0.1l PHP/5.6.8'
    'SERVER_NAME' => 'fr'
    'SERVER_ADDR' => '127.0.0.1'
    'SERVER_PORT' => '80'
    'REMOTE_ADDR' => '127.0.0.1'
    'DOCUMENT_ROOT' => 'E:/xampp/htdocs/etrain/src/frontend/web'
    'REQUEST_SCHEME' => 'http'
    'CONTEXT_PREFIX' => ''
    'CONTEXT_DOCUMENT_ROOT' => 'E:/xampp/htdocs/etrain/src/frontend/web'
    'SERVER_ADMIN' => 'fr'
    'SCRIPT_FILENAME' => 'E:/xampp/htdocs/etrain/src/frontend/web/index.php'
    'REMOTE_PORT' => '50543'
    'REDIRECT_QUERY_STRING' => 'courseware_id=24'
    'REDIRECT_URL' => '/category/pre-service-answer'
    'GATEWAY_INTERFACE' => 'CGI/1.1'
    'SERVER_PROTOCOL' => 'HTTP/1.1'
    'REQUEST_METHOD' => 'GET'
    'QUERY_STRING' => 'courseware_id=24'
    'REQUEST_URI' => '/category/pre-service-answer?courseware_id=24'
    'SCRIPT_NAME' => '/index.php'
    'PHP_SELF' => '/index.php'
    'REQUEST_TIME_FLOAT' => 1440656849.339
    'REQUEST_TIME' => 1440656849
]
2015-08-27 14:27:31 [127.0.0.1][-][-][warning][yii\log\Dispatcher::dispatch] Unable to send log via yii\debug\LogTarget: Exception (Invalid Configuration) 'yii\base\InvalidConfigException' with message 'The directory does not exist: E:/xampp/htdocs/etrain/src/frontend/web/assets' 

in E:\xampp\htdocs\etrain\src\vendor\yiisoft\yii2\web\AssetManager.php:211

Stack trace:
#0 E:\xampp\htdocs\etrain\src\vendor\yiisoft\yii2\base\Object.php(107): yii\web\AssetManager->init()
#1 [internal function]: yii\base\Object->__construct(Array)
#2 E:\xampp\htdocs\etrain\src\vendor\yiisoft\yii2\di\Container.php(366): ReflectionClass->newInstanceArgs(Array)
#3 E:\xampp\htdocs\etrain\src\vendor\yiisoft\yii2\di\Container.php(151): yii\di\Container->build('yii\\web\\AssetMa...', Array, Array)
#4 E:\xampp\htdocs\etrain\src\vendor\yiisoft\yii2\BaseYii.php(344): yii\di\Container->get('yii\\web\\AssetMa...', Array, Array)
#5 E:\xampp\htdocs\etrain\src\vendor\yiisoft\yii2\di\ServiceLocator.php(133): yii\BaseYii::createObject(Array)
#6 E:\xampp\htdocs\etrain\src\vendor\yiisoft\yii2\base\Application.php(600): yii\di\ServiceLocator->get('assetManager')
#7 E:\xampp\htdocs\etrain\src\vendor\yiisoft\yii2\web\View.php(223): yii\base\Application->getAssetManager()
#8 E:\xampp\htdocs\etrain\src\vendor\yiisoft\yii2\base\Component.php(130): yii\web\View->getAssetManager()
#9 E:\xampp\htdocs\etrain\src\vendor\yiisoft\yii2-debug\panels\AssetPanel.php(53): yii\base\Component->__get('assetManager')
#10 E:\xampp\htdocs\etrain\src\vendor\yiisoft\yii2-debug\LogTarget.php(55): yii\debug\panels\AssetPanel->save()
#11 E:\xampp\htdocs\etrain\src\vendor\yiisoft\yii2-debug\LogTarget.php(112): yii\debug\LogTarget->export()
#12 E:\xampp\htdocs\etrain\src\vendor\yiisoft\yii2\log\Dispatcher.php(183): yii\debug\LogTarget->collect(Array, true)
#13 E:\xampp\htdocs\etrain\src\vendor\yiisoft\yii2\log\Logger.php(173): yii\log\Dispatcher->dispatch(Array, true)
#14 [internal function]: yii\log\Logger->flush(true)
#15 {main}
2015-08-27 14:27:30 [127.0.0.1][-][-][info][application] $_COOKIE = [
    'PHPSESSID' => 'gmvj2gjgao686lh311k5mo3dv6'
    '_csrf' => '87a45799a44170dcb1a28bdb568f1c61ef667385f42b26d20994ce61bcfe12f7a:2:{i:0;s:5:\"_csrf\";i:1;s:32:\"_kZjgN5kC67IcRi8IKj6sfaGQspfFe30\";}'
]

$_SERVER = [
    'REDIRECT_MIBDIRS' => 'E:/xampp/php/extras/mibs'
    'REDIRECT_MYSQL_HOME' => '\\xampp\\mysql\\bin'
    'REDIRECT_OPENSSL_CONF' => 'E:/xampp/apache/bin/openssl.cnf'
    'REDIRECT_PHP_PEAR_SYSCONF_DIR' => '\\xampp\\php'
    'REDIRECT_PHPRC' => '\\xampp\\php'
    'REDIRECT_TMP' => '\\xampp\\tmp'
    'REDIRECT_STATUS' => '200'
    'MIBDIRS' => 'E:/xampp/php/extras/mibs'
    'MYSQL_HOME' => '\\xampp\\mysql\\bin'
    'OPENSSL_CONF' => 'E:/xampp/apache/bin/openssl.cnf'
    'PHP_PEAR_SYSCONF_DIR' => '\\xampp\\php'
    'PHPRC' => '\\xampp\\php'
    'TMP' => '\\xampp\\tmp'
    'HTTP_HOST' => 'fr'
    'HTTP_USER_AGENT' => 'Mozilla/5.0 (Windows NT 6.1; WOW64; rv:40.0) Gecko/20100101 Firefox/40.0'
    'HTTP_ACCEPT' => 'text/html,application/xhtml+xml,application/xml;q=0.9,*/*;q=0.8'
    'HTTP_ACCEPT_LANGUAGE' => 'zh-CN,zh;q=0.8,en-US;q=0.5,en;q=0.3'
    'HTTP_ACCEPT_ENCODING' => 'gzip, deflate'
    'HTTP_COOKIE' => 'PHPSESSID=gmvj2gjgao686lh311k5mo3dv6; _csrf=87a45799a44170dcb1a28bdb568f1c61ef667385f42b26d20994ce61bcfe12f7a%3A2%3A%7Bi%3A0%3Bs%3A5%3A%22_csrf%22%3Bi%3A1%3Bs%3A32%3A%22_kZjgN5kC67IcRi8IKj6sfaGQspfFe30%22%3B%7D'
    'HTTP_CONNECTION' => 'keep-alive'
    'HTTP_PRAGMA' => 'no-cache'
    'HTTP_CACHE_CONTROL' => 'no-cache'
    'PATH' => 'C:\\ProgramData\\Oracle\\Java\\javapath;C:\\Windows\\system32;C:\\Windows;C:\\Windows\\System32\\Wbem;C:\\Windows\\System32\\WindowsPowerShell\\v1.0\\;D:\\TortoiseSVN\\bin.;D:\\Java\\jdk1.8.0_51\\lib\\dt.jar;D:\\Java\\jdk1.8.0_51\\lib\\tools.jar;E:\\xampp\\php;C:\\ProgramData\\ComposerSetup\\bin;'
    'SystemRoot' => 'C:\\Windows'
    'COMSPEC' => 'C:\\Windows\\system32\\cmd.exe'
    'PATHEXT' => '.COM;.EXE;.BAT;.CMD;.VBS;.VBE;.JS;.JSE;.WSF;.WSH;.MSC'
    'WINDIR' => 'C:\\Windows'
    'SERVER_SIGNATURE' => '<address>Apache/2.4.12 (Win32) OpenSSL/1.0.1l PHP/5.6.8 Server at fr Port 80</address>
'
    'SERVER_SOFTWARE' => 'Apache/2.4.12 (Win32) OpenSSL/1.0.1l PHP/5.6.8'
    'SERVER_NAME' => 'fr'
    'SERVER_ADDR' => '127.0.0.1'
    'SERVER_PORT' => '80'
    'REMOTE_ADDR' => '127.0.0.1'
    'DOCUMENT_ROOT' => 'E:/xampp/htdocs/etrain/src/frontend/web'
    'REQUEST_SCHEME' => 'http'
    'CONTEXT_PREFIX' => ''
    'CONTEXT_DOCUMENT_ROOT' => 'E:/xampp/htdocs/etrain/src/frontend/web'
    'SERVER_ADMIN' => 'fr'
    'SCRIPT_FILENAME' => 'E:/xampp/htdocs/etrain/src/frontend/web/index.php'
    'REMOTE_PORT' => '50545'
    'REDIRECT_URL' => '/category/sizzle.min.map'
    'GATEWAY_INTERFACE' => 'CGI/1.1'
    'SERVER_PROTOCOL' => 'HTTP/1.1'
    'REQUEST_METHOD' => 'GET'
    'QUERY_STRING' => ''
    'REQUEST_URI' => '/category/sizzle.min.map'
    'SCRIPT_NAME' => '/index.php'
    'PHP_SELF' => '/index.php'
    'REQUEST_TIME_FLOAT' => 1440656850.679
    'REQUEST_TIME' => 1440656850
]
2015-08-27 14:27:33 [127.0.0.1][291][gmvj2gjgao686lh311k5mo3dv6][warning][yii\log\Dispatcher::dispatch] Unable to send log via yii\debug\LogTarget: Exception (Invalid Configuration) 'yii\base\InvalidConfigException' with message 'The directory does not exist: E:/xampp/htdocs/etrain/src/frontend/web/assets' 

in E:\xampp\htdocs\etrain\src\vendor\yiisoft\yii2\web\AssetManager.php:211

Stack trace:
#0 E:\xampp\htdocs\etrain\src\vendor\yiisoft\yii2\base\Object.php(107): yii\web\AssetManager->init()
#1 [internal function]: yii\base\Object->__construct(Array)
#2 E:\xampp\htdocs\etrain\src\vendor\yiisoft\yii2\di\Container.php(366): ReflectionClass->newInstanceArgs(Array)
#3 E:\xampp\htdocs\etrain\src\vendor\yiisoft\yii2\di\Container.php(151): yii\di\Container->build('yii\\web\\AssetMa...', Array, Array)
#4 E:\xampp\htdocs\etrain\src\vendor\yiisoft\yii2\BaseYii.php(344): yii\di\Container->get('yii\\web\\AssetMa...', Array, Array)
#5 E:\xampp\htdocs\etrain\src\vendor\yiisoft\yii2\di\ServiceLocator.php(133): yii\BaseYii::createObject(Array)
#6 E:\xampp\htdocs\etrain\src\vendor\yiisoft\yii2\base\Application.php(600): yii\di\ServiceLocator->get('assetManager')
#7 E:\xampp\htdocs\etrain\src\vendor\yiisoft\yii2\web\View.php(223): yii\base\Application->getAssetManager()
#8 E:\xampp\htdocs\etrain\src\vendor\yiisoft\yii2\base\Component.php(130): yii\web\View->getAssetManager()
#9 E:\xampp\htdocs\etrain\src\vendor\yiisoft\yii2-debug\panels\AssetPanel.php(53): yii\base\Component->__get('assetManager')
#10 E:\xampp\htdocs\etrain\src\vendor\yiisoft\yii2-debug\LogTarget.php(55): yii\debug\panels\AssetPanel->save()
#11 E:\xampp\htdocs\etrain\src\vendor\yiisoft\yii2-debug\LogTarget.php(112): yii\debug\LogTarget->export()
#12 E:\xampp\htdocs\etrain\src\vendor\yiisoft\yii2\log\Dispatcher.php(183): yii\debug\LogTarget->collect(Array, true)
#13 E:\xampp\htdocs\etrain\src\vendor\yiisoft\yii2\log\Logger.php(173): yii\log\Dispatcher->dispatch(Array, true)
#14 [internal function]: yii\log\Logger->flush(true)
#15 {main}
2015-08-27 14:27:32 [127.0.0.1][291][gmvj2gjgao686lh311k5mo3dv6][info][application] $_GET = [
    'id' => '44'
]

$_COOKIE = [
    'PHPSESSID' => 'gmvj2gjgao686lh311k5mo3dv6'
    '_csrf' => '87a45799a44170dcb1a28bdb568f1c61ef667385f42b26d20994ce61bcfe12f7a:2:{i:0;s:5:\"_csrf\";i:1;s:32:\"_kZjgN5kC67IcRi8IKj6sfaGQspfFe30\";}'
]

$_SESSION = [
    '__flash' => []
    '__id' => 291
]

$_SERVER = [
    'REDIRECT_MIBDIRS' => 'E:/xampp/php/extras/mibs'
    'REDIRECT_MYSQL_HOME' => '\\xampp\\mysql\\bin'
    'REDIRECT_OPENSSL_CONF' => 'E:/xampp/apache/bin/openssl.cnf'
    'REDIRECT_PHP_PEAR_SYSCONF_DIR' => '\\xampp\\php'
    'REDIRECT_PHPRC' => '\\xampp\\php'
    'REDIRECT_TMP' => '\\xampp\\tmp'
    'REDIRECT_STATUS' => '200'
    'MIBDIRS' => 'E:/xampp/php/extras/mibs'
    'MYSQL_HOME' => '\\xampp\\mysql\\bin'
    'OPENSSL_CONF' => 'E:/xampp/apache/bin/openssl.cnf'
    'PHP_PEAR_SYSCONF_DIR' => '\\xampp\\php'
    'PHPRC' => '\\xampp\\php'
    'TMP' => '\\xampp\\tmp'
    'HTTP_HOST' => 'fr'
    'HTTP_USER_AGENT' => 'Mozilla/5.0 (Windows NT 6.1; WOW64; rv:40.0) Gecko/20100101 Firefox/40.0'
    'HTTP_ACCEPT' => 'text/html,application/xhtml+xml,application/xml;q=0.9,*/*;q=0.8'
    'HTTP_ACCEPT_LANGUAGE' => 'zh-CN,zh;q=0.8,en-US;q=0.5,en;q=0.3'
    'HTTP_ACCEPT_ENCODING' => 'gzip, deflate'
    'HTTP_REFERER' => 'http://fr/category/index?type=1'
    'HTTP_COOKIE' => 'PHPSESSID=gmvj2gjgao686lh311k5mo3dv6; _csrf=87a45799a44170dcb1a28bdb568f1c61ef667385f42b26d20994ce61bcfe12f7a%3A2%3A%7Bi%3A0%3Bs%3A5%3A%22_csrf%22%3Bi%3A1%3Bs%3A32%3A%22_kZjgN5kC67IcRi8IKj6sfaGQspfFe30%22%3B%7D'
    'HTTP_CONNECTION' => 'keep-alive'
    'PATH' => 'C:\\ProgramData\\Oracle\\Java\\javapath;C:\\Windows\\system32;C:\\Windows;C:\\Windows\\System32\\Wbem;C:\\Windows\\System32\\WindowsPowerShell\\v1.0\\;D:\\TortoiseSVN\\bin.;D:\\Java\\jdk1.8.0_51\\lib\\dt.jar;D:\\Java\\jdk1.8.0_51\\lib\\tools.jar;E:\\xampp\\php;C:\\ProgramData\\ComposerSetup\\bin;'
    'SystemRoot' => 'C:\\Windows'
    'COMSPEC' => 'C:\\Windows\\system32\\cmd.exe'
    'PATHEXT' => '.COM;.EXE;.BAT;.CMD;.VBS;.VBE;.JS;.JSE;.WSF;.WSH;.MSC'
    'WINDIR' => 'C:\\Windows'
    'SERVER_SIGNATURE' => '<address>Apache/2.4.12 (Win32) OpenSSL/1.0.1l PHP/5.6.8 Server at fr Port 80</address>
'
    'SERVER_SOFTWARE' => 'Apache/2.4.12 (Win32) OpenSSL/1.0.1l PHP/5.6.8'
    'SERVER_NAME' => 'fr'
    'SERVER_ADDR' => '127.0.0.1'
    'SERVER_PORT' => '80'
    'REMOTE_ADDR' => '127.0.0.1'
    'DOCUMENT_ROOT' => 'E:/xampp/htdocs/etrain/src/frontend/web'
    'REQUEST_SCHEME' => 'http'
    'CONTEXT_PREFIX' => ''
    'CONTEXT_DOCUMENT_ROOT' => 'E:/xampp/htdocs/etrain/src/frontend/web'
    'SERVER_ADMIN' => 'fr'
    'SCRIPT_FILENAME' => 'E:/xampp/htdocs/etrain/src/frontend/web/index.php'
    'REMOTE_PORT' => '50547'
    'REDIRECT_URL' => '/category/service/44'
    'GATEWAY_INTERFACE' => 'CGI/1.1'
    'SERVER_PROTOCOL' => 'HTTP/1.1'
    'REQUEST_METHOD' => 'GET'
    'QUERY_STRING' => ''
    'REQUEST_URI' => '/category/service/44'
    'SCRIPT_NAME' => '/index.php'
    'PHP_SELF' => '/index.php'
    'REQUEST_TIME_FLOAT' => 1440656851.727
    'REQUEST_TIME' => 1440656851
]
2015-08-27 14:27:34 [127.0.0.1][-][-][warning][yii\log\Dispatcher::dispatch] Unable to send log via yii\debug\LogTarget: Exception (Invalid Configuration) 'yii\base\InvalidConfigException' with message 'The directory does not exist: E:/xampp/htdocs/etrain/src/frontend/web/assets' 

in E:\xampp\htdocs\etrain\src\vendor\yiisoft\yii2\web\AssetManager.php:211

Stack trace:
#0 E:\xampp\htdocs\etrain\src\vendor\yiisoft\yii2\base\Object.php(107): yii\web\AssetManager->init()
#1 [internal function]: yii\base\Object->__construct(Array)
#2 E:\xampp\htdocs\etrain\src\vendor\yiisoft\yii2\di\Container.php(366): ReflectionClass->newInstanceArgs(Array)
#3 E:\xampp\htdocs\etrain\src\vendor\yiisoft\yii2\di\Container.php(151): yii\di\Container->build('yii\\web\\AssetMa...', Array, Array)
#4 E:\xampp\htdocs\etrain\src\vendor\yiisoft\yii2\BaseYii.php(344): yii\di\Container->get('yii\\web\\AssetMa...', Array, Array)
#5 E:\xampp\htdocs\etrain\src\vendor\yiisoft\yii2\di\ServiceLocator.php(133): yii\BaseYii::createObject(Array)
#6 E:\xampp\htdocs\etrain\src\vendor\yiisoft\yii2\base\Application.php(600): yii\di\ServiceLocator->get('assetManager')
#7 E:\xampp\htdocs\etrain\src\vendor\yiisoft\yii2\web\View.php(223): yii\base\Application->getAssetManager()
#8 E:\xampp\htdocs\etrain\src\vendor\yiisoft\yii2\base\Component.php(130): yii\web\View->getAssetManager()
#9 E:\xampp\htdocs\etrain\src\vendor\yiisoft\yii2-debug\panels\AssetPanel.php(53): yii\base\Component->__get('assetManager')
#10 E:\xampp\htdocs\etrain\src\vendor\yiisoft\yii2-debug\LogTarget.php(55): yii\debug\panels\AssetPanel->save()
#11 E:\xampp\htdocs\etrain\src\vendor\yiisoft\yii2-debug\LogTarget.php(112): yii\debug\LogTarget->export()
#12 E:\xampp\htdocs\etrain\src\vendor\yiisoft\yii2\log\Dispatcher.php(183): yii\debug\LogTarget->collect(Array, true)
#13 E:\xampp\htdocs\etrain\src\vendor\yiisoft\yii2\log\Logger.php(173): yii\log\Dispatcher->dispatch(Array, true)
#14 [internal function]: yii\log\Logger->flush(true)
#15 {main}
2015-08-27 14:27:33 [127.0.0.1][-][-][info][application] $_COOKIE = [
    'PHPSESSID' => 'gmvj2gjgao686lh311k5mo3dv6'
    '_csrf' => '87a45799a44170dcb1a28bdb568f1c61ef667385f42b26d20994ce61bcfe12f7a:2:{i:0;s:5:\"_csrf\";i:1;s:32:\"_kZjgN5kC67IcRi8IKj6sfaGQspfFe30\";}'
]

$_SERVER = [
    'REDIRECT_MIBDIRS' => 'E:/xampp/php/extras/mibs'
    'REDIRECT_MYSQL_HOME' => '\\xampp\\mysql\\bin'
    'REDIRECT_OPENSSL_CONF' => 'E:/xampp/apache/bin/openssl.cnf'
    'REDIRECT_PHP_PEAR_SYSCONF_DIR' => '\\xampp\\php'
    'REDIRECT_PHPRC' => '\\xampp\\php'
    'REDIRECT_TMP' => '\\xampp\\tmp'
    'REDIRECT_STATUS' => '200'
    'MIBDIRS' => 'E:/xampp/php/extras/mibs'
    'MYSQL_HOME' => '\\xampp\\mysql\\bin'
    'OPENSSL_CONF' => 'E:/xampp/apache/bin/openssl.cnf'
    'PHP_PEAR_SYSCONF_DIR' => '\\xampp\\php'
    'PHPRC' => '\\xampp\\php'
    'TMP' => '\\xampp\\tmp'
    'HTTP_HOST' => 'fr'
    'HTTP_USER_AGENT' => 'Mozilla/5.0 (Windows NT 6.1; WOW64; rv:40.0) Gecko/20100101 Firefox/40.0'
    'HTTP_ACCEPT' => 'text/html,application/xhtml+xml,application/xml;q=0.9,*/*;q=0.8'
    'HTTP_ACCEPT_LANGUAGE' => 'zh-CN,zh;q=0.8,en-US;q=0.5,en;q=0.3'
    'HTTP_ACCEPT_ENCODING' => 'gzip, deflate'
    'HTTP_COOKIE' => 'PHPSESSID=gmvj2gjgao686lh311k5mo3dv6; _csrf=87a45799a44170dcb1a28bdb568f1c61ef667385f42b26d20994ce61bcfe12f7a%3A2%3A%7Bi%3A0%3Bs%3A5%3A%22_csrf%22%3Bi%3A1%3Bs%3A32%3A%22_kZjgN5kC67IcRi8IKj6sfaGQspfFe30%22%3B%7D'
    'HTTP_CONNECTION' => 'keep-alive'
    'HTTP_PRAGMA' => 'no-cache'
    'HTTP_CACHE_CONTROL' => 'no-cache'
    'PATH' => 'C:\\ProgramData\\Oracle\\Java\\javapath;C:\\Windows\\system32;C:\\Windows;C:\\Windows\\System32\\Wbem;C:\\Windows\\System32\\WindowsPowerShell\\v1.0\\;D:\\TortoiseSVN\\bin.;D:\\Java\\jdk1.8.0_51\\lib\\dt.jar;D:\\Java\\jdk1.8.0_51\\lib\\tools.jar;E:\\xampp\\php;C:\\ProgramData\\ComposerSetup\\bin;'
    'SystemRoot' => 'C:\\Windows'
    'COMSPEC' => 'C:\\Windows\\system32\\cmd.exe'
    'PATHEXT' => '.COM;.EXE;.BAT;.CMD;.VBS;.VBE;.JS;.JSE;.WSF;.WSH;.MSC'
    'WINDIR' => 'C:\\Windows'
    'SERVER_SIGNATURE' => '<address>Apache/2.4.12 (Win32) OpenSSL/1.0.1l PHP/5.6.8 Server at fr Port 80</address>
'
    'SERVER_SOFTWARE' => 'Apache/2.4.12 (Win32) OpenSSL/1.0.1l PHP/5.6.8'
    'SERVER_NAME' => 'fr'
    'SERVER_ADDR' => '127.0.0.1'
    'SERVER_PORT' => '80'
    'REMOTE_ADDR' => '127.0.0.1'
    'DOCUMENT_ROOT' => 'E:/xampp/htdocs/etrain/src/frontend/web'
    'REQUEST_SCHEME' => 'http'
    'CONTEXT_PREFIX' => ''
    'CONTEXT_DOCUMENT_ROOT' => 'E:/xampp/htdocs/etrain/src/frontend/web'
    'SERVER_ADMIN' => 'fr'
    'SCRIPT_FILENAME' => 'E:/xampp/htdocs/etrain/src/frontend/web/index.php'
    'REMOTE_PORT' => '50549'
    'REDIRECT_URL' => '/category/service/sizzle.min.map'
    'GATEWAY_INTERFACE' => 'CGI/1.1'
    'SERVER_PROTOCOL' => 'HTTP/1.1'
    'REQUEST_METHOD' => 'GET'
    'QUERY_STRING' => ''
    'REQUEST_URI' => '/category/service/sizzle.min.map'
    'SCRIPT_NAME' => '/index.php'
    'PHP_SELF' => '/index.php'
    'REQUEST_TIME_FLOAT' => 1440656853.283
    'REQUEST_TIME' => 1440656853
]
2015-08-27 14:28:02 [127.0.0.1][291][gmvj2gjgao686lh311k5mo3dv6][warning][yii\log\Dispatcher::dispatch] Unable to send log via yii\debug\LogTarget: Exception (Invalid Configuration) 'yii\base\InvalidConfigException' with message 'The directory does not exist: E:/xampp/htdocs/etrain/src/frontend/web/assets' 

in E:\xampp\htdocs\etrain\src\vendor\yiisoft\yii2\web\AssetManager.php:211

Stack trace:
#0 E:\xampp\htdocs\etrain\src\vendor\yiisoft\yii2\base\Object.php(107): yii\web\AssetManager->init()
#1 [internal function]: yii\base\Object->__construct(Array)
#2 E:\xampp\htdocs\etrain\src\vendor\yiisoft\yii2\di\Container.php(366): ReflectionClass->newInstanceArgs(Array)
#3 E:\xampp\htdocs\etrain\src\vendor\yiisoft\yii2\di\Container.php(151): yii\di\Container->build('yii\\web\\AssetMa...', Array, Array)
#4 E:\xampp\htdocs\etrain\src\vendor\yiisoft\yii2\BaseYii.php(344): yii\di\Container->get('yii\\web\\AssetMa...', Array, Array)
#5 E:\xampp\htdocs\etrain\src\vendor\yiisoft\yii2\di\ServiceLocator.php(133): yii\BaseYii::createObject(Array)
#6 E:\xampp\htdocs\etrain\src\vendor\yiisoft\yii2\base\Application.php(600): yii\di\ServiceLocator->get('assetManager')
#7 E:\xampp\htdocs\etrain\src\vendor\yiisoft\yii2\web\View.php(223): yii\base\Application->getAssetManager()
#8 E:\xampp\htdocs\etrain\src\vendor\yiisoft\yii2\base\Component.php(130): yii\web\View->getAssetManager()
#9 E:\xampp\htdocs\etrain\src\vendor\yiisoft\yii2-debug\panels\AssetPanel.php(53): yii\base\Component->__get('assetManager')
#10 E:\xampp\htdocs\etrain\src\vendor\yiisoft\yii2-debug\LogTarget.php(55): yii\debug\panels\AssetPanel->save()
#11 E:\xampp\htdocs\etrain\src\vendor\yiisoft\yii2-debug\LogTarget.php(112): yii\debug\LogTarget->export()
#12 E:\xampp\htdocs\etrain\src\vendor\yiisoft\yii2\log\Dispatcher.php(183): yii\debug\LogTarget->collect(Array, true)
#13 E:\xampp\htdocs\etrain\src\vendor\yiisoft\yii2\log\Logger.php(173): yii\log\Dispatcher->dispatch(Array, true)
#14 [internal function]: yii\log\Logger->flush(true)
#15 {main}
2015-08-27 14:28:02 [127.0.0.1][291][gmvj2gjgao686lh311k5mo3dv6][info][application] $_GET = [
    'id' => '44'
]

$_COOKIE = [
    'PHPSESSID' => 'gmvj2gjgao686lh311k5mo3dv6'
    '_csrf' => '87a45799a44170dcb1a28bdb568f1c61ef667385f42b26d20994ce61bcfe12f7a:2:{i:0;s:5:\"_csrf\";i:1;s:32:\"_kZjgN5kC67IcRi8IKj6sfaGQspfFe30\";}'
]

$_SESSION = [
    '__flash' => []
    '__id' => 291
]

$_SERVER = [
    'REDIRECT_MIBDIRS' => 'E:/xampp/php/extras/mibs'
    'REDIRECT_MYSQL_HOME' => '\\xampp\\mysql\\bin'
    'REDIRECT_OPENSSL_CONF' => 'E:/xampp/apache/bin/openssl.cnf'
    'REDIRECT_PHP_PEAR_SYSCONF_DIR' => '\\xampp\\php'
    'REDIRECT_PHPRC' => '\\xampp\\php'
    'REDIRECT_TMP' => '\\xampp\\tmp'
    'REDIRECT_STATUS' => '200'
    'MIBDIRS' => 'E:/xampp/php/extras/mibs'
    'MYSQL_HOME' => '\\xampp\\mysql\\bin'
    'OPENSSL_CONF' => 'E:/xampp/apache/bin/openssl.cnf'
    'PHP_PEAR_SYSCONF_DIR' => '\\xampp\\php'
    'PHPRC' => '\\xampp\\php'
    'TMP' => '\\xampp\\tmp'
    'HTTP_HOST' => 'fr'
    'HTTP_USER_AGENT' => 'Mozilla/5.0 (Windows NT 6.1; WOW64; rv:40.0) Gecko/20100101 Firefox/40.0'
    'HTTP_ACCEPT' => 'text/html,application/xhtml+xml,application/xml;q=0.9,*/*;q=0.8'
    'HTTP_ACCEPT_LANGUAGE' => 'zh-CN,zh;q=0.8,en-US;q=0.5,en;q=0.3'
    'HTTP_ACCEPT_ENCODING' => 'gzip, deflate'
    'HTTP_REFERER' => 'http://fr/category/index?type=1'
    'HTTP_COOKIE' => 'PHPSESSID=gmvj2gjgao686lh311k5mo3dv6; _csrf=87a45799a44170dcb1a28bdb568f1c61ef667385f42b26d20994ce61bcfe12f7a%3A2%3A%7Bi%3A0%3Bs%3A5%3A%22_csrf%22%3Bi%3A1%3Bs%3A32%3A%22_kZjgN5kC67IcRi8IKj6sfaGQspfFe30%22%3B%7D'
    'HTTP_CONNECTION' => 'keep-alive'
    'HTTP_CACHE_CONTROL' => 'max-age=0'
    'PATH' => 'C:\\ProgramData\\Oracle\\Java\\javapath;C:\\Windows\\system32;C:\\Windows;C:\\Windows\\System32\\Wbem;C:\\Windows\\System32\\WindowsPowerShell\\v1.0\\;D:\\TortoiseSVN\\bin.;D:\\Java\\jdk1.8.0_51\\lib\\dt.jar;D:\\Java\\jdk1.8.0_51\\lib\\tools.jar;E:\\xampp\\php;C:\\ProgramData\\ComposerSetup\\bin;'
    'SystemRoot' => 'C:\\Windows'
    'COMSPEC' => 'C:\\Windows\\system32\\cmd.exe'
    'PATHEXT' => '.COM;.EXE;.BAT;.CMD;.VBS;.VBE;.JS;.JSE;.WSF;.WSH;.MSC'
    'WINDIR' => 'C:\\Windows'
    'SERVER_SIGNATURE' => '<address>Apache/2.4.12 (Win32) OpenSSL/1.0.1l PHP/5.6.8 Server at fr Port 80</address>
'
    'SERVER_SOFTWARE' => 'Apache/2.4.12 (Win32) OpenSSL/1.0.1l PHP/5.6.8'
    'SERVER_NAME' => 'fr'
    'SERVER_ADDR' => '127.0.0.1'
    'SERVER_PORT' => '80'
    'REMOTE_ADDR' => '127.0.0.1'
    'DOCUMENT_ROOT' => 'E:/xampp/htdocs/etrain/src/frontend/web'
    'REQUEST_SCHEME' => 'http'
    'CONTEXT_PREFIX' => ''
    'CONTEXT_DOCUMENT_ROOT' => 'E:/xampp/htdocs/etrain/src/frontend/web'
    'SERVER_ADMIN' => 'fr'
    'SCRIPT_FILENAME' => 'E:/xampp/htdocs/etrain/src/frontend/web/index.php'
    'REMOTE_PORT' => '50554'
    'REDIRECT_URL' => '/category/service/44'
    'GATEWAY_INTERFACE' => 'CGI/1.1'
    'SERVER_PROTOCOL' => 'HTTP/1.1'
    'REQUEST_METHOD' => 'GET'
    'QUERY_STRING' => ''
    'REQUEST_URI' => '/category/service/44'
    'SCRIPT_NAME' => '/index.php'
    'PHP_SELF' => '/index.php'
    'REQUEST_TIME_FLOAT' => 1440656882.38
    'REQUEST_TIME' => 1440656882
]
2015-08-27 14:28:03 [127.0.0.1][-][-][warning][yii\log\Dispatcher::dispatch] Unable to send log via yii\debug\LogTarget: Exception (Invalid Configuration) 'yii\base\InvalidConfigException' with message 'The directory does not exist: E:/xampp/htdocs/etrain/src/frontend/web/assets' 

in E:\xampp\htdocs\etrain\src\vendor\yiisoft\yii2\web\AssetManager.php:211

Stack trace:
#0 E:\xampp\htdocs\etrain\src\vendor\yiisoft\yii2\base\Object.php(107): yii\web\AssetManager->init()
#1 [internal function]: yii\base\Object->__construct(Array)
#2 E:\xampp\htdocs\etrain\src\vendor\yiisoft\yii2\di\Container.php(366): ReflectionClass->newInstanceArgs(Array)
#3 E:\xampp\htdocs\etrain\src\vendor\yiisoft\yii2\di\Container.php(151): yii\di\Container->build('yii\\web\\AssetMa...', Array, Array)
#4 E:\xampp\htdocs\etrain\src\vendor\yiisoft\yii2\BaseYii.php(344): yii\di\Container->get('yii\\web\\AssetMa...', Array, Array)
#5 E:\xampp\htdocs\etrain\src\vendor\yiisoft\yii2\di\ServiceLocator.php(133): yii\BaseYii::createObject(Array)
#6 E:\xampp\htdocs\etrain\src\vendor\yiisoft\yii2\base\Application.php(600): yii\di\ServiceLocator->get('assetManager')
#7 E:\xampp\htdocs\etrain\src\vendor\yiisoft\yii2\web\View.php(223): yii\base\Application->getAssetManager()
#8 E:\xampp\htdocs\etrain\src\vendor\yiisoft\yii2\base\Component.php(130): yii\web\View->getAssetManager()
#9 E:\xampp\htdocs\etrain\src\vendor\yiisoft\yii2-debug\panels\AssetPanel.php(53): yii\base\Component->__get('assetManager')
#10 E:\xampp\htdocs\etrain\src\vendor\yiisoft\yii2-debug\LogTarget.php(55): yii\debug\panels\AssetPanel->save()
#11 E:\xampp\htdocs\etrain\src\vendor\yiisoft\yii2-debug\LogTarget.php(112): yii\debug\LogTarget->export()
#12 E:\xampp\htdocs\etrain\src\vendor\yiisoft\yii2\log\Dispatcher.php(183): yii\debug\LogTarget->collect(Array, true)
#13 E:\xampp\htdocs\etrain\src\vendor\yiisoft\yii2\log\Logger.php(173): yii\log\Dispatcher->dispatch(Array, true)
#14 [internal function]: yii\log\Logger->flush(true)
#15 {main}
2015-08-27 14:28:03 [127.0.0.1][-][-][info][application] $_COOKIE = [
    'PHPSESSID' => 'gmvj2gjgao686lh311k5mo3dv6'
    '_csrf' => '87a45799a44170dcb1a28bdb568f1c61ef667385f42b26d20994ce61bcfe12f7a:2:{i:0;s:5:\"_csrf\";i:1;s:32:\"_kZjgN5kC67IcRi8IKj6sfaGQspfFe30\";}'
]

$_SERVER = [
    'REDIRECT_MIBDIRS' => 'E:/xampp/php/extras/mibs'
    'REDIRECT_MYSQL_HOME' => '\\xampp\\mysql\\bin'
    'REDIRECT_OPENSSL_CONF' => 'E:/xampp/apache/bin/openssl.cnf'
    'REDIRECT_PHP_PEAR_SYSCONF_DIR' => '\\xampp\\php'
    'REDIRECT_PHPRC' => '\\xampp\\php'
    'REDIRECT_TMP' => '\\xampp\\tmp'
    'REDIRECT_STATUS' => '200'
    'MIBDIRS' => 'E:/xampp/php/extras/mibs'
    'MYSQL_HOME' => '\\xampp\\mysql\\bin'
    'OPENSSL_CONF' => 'E:/xampp/apache/bin/openssl.cnf'
    'PHP_PEAR_SYSCONF_DIR' => '\\xampp\\php'
    'PHPRC' => '\\xampp\\php'
    'TMP' => '\\xampp\\tmp'
    'HTTP_HOST' => 'fr'
    'HTTP_USER_AGENT' => 'Mozilla/5.0 (Windows NT 6.1; WOW64; rv:40.0) Gecko/20100101 Firefox/40.0'
    'HTTP_ACCEPT' => 'text/html,application/xhtml+xml,application/xml;q=0.9,*/*;q=0.8'
    'HTTP_ACCEPT_LANGUAGE' => 'zh-CN,zh;q=0.8,en-US;q=0.5,en;q=0.3'
    'HTTP_ACCEPT_ENCODING' => 'gzip, deflate'
    'HTTP_COOKIE' => 'PHPSESSID=gmvj2gjgao686lh311k5mo3dv6; _csrf=87a45799a44170dcb1a28bdb568f1c61ef667385f42b26d20994ce61bcfe12f7a%3A2%3A%7Bi%3A0%3Bs%3A5%3A%22_csrf%22%3Bi%3A1%3Bs%3A32%3A%22_kZjgN5kC67IcRi8IKj6sfaGQspfFe30%22%3B%7D'
    'HTTP_CONNECTION' => 'keep-alive'
    'HTTP_PRAGMA' => 'no-cache'
    'HTTP_CACHE_CONTROL' => 'no-cache'
    'PATH' => 'C:\\ProgramData\\Oracle\\Java\\javapath;C:\\Windows\\system32;C:\\Windows;C:\\Windows\\System32\\Wbem;C:\\Windows\\System32\\WindowsPowerShell\\v1.0\\;D:\\TortoiseSVN\\bin.;D:\\Java\\jdk1.8.0_51\\lib\\dt.jar;D:\\Java\\jdk1.8.0_51\\lib\\tools.jar;E:\\xampp\\php;C:\\ProgramData\\ComposerSetup\\bin;'
    'SystemRoot' => 'C:\\Windows'
    'COMSPEC' => 'C:\\Windows\\system32\\cmd.exe'
    'PATHEXT' => '.COM;.EXE;.BAT;.CMD;.VBS;.VBE;.JS;.JSE;.WSF;.WSH;.MSC'
    'WINDIR' => 'C:\\Windows'
    'SERVER_SIGNATURE' => '<address>Apache/2.4.12 (Win32) OpenSSL/1.0.1l PHP/5.6.8 Server at fr Port 80</address>
'
    'SERVER_SOFTWARE' => 'Apache/2.4.12 (Win32) OpenSSL/1.0.1l PHP/5.6.8'
    'SERVER_NAME' => 'fr'
    'SERVER_ADDR' => '127.0.0.1'
    'SERVER_PORT' => '80'
    'REMOTE_ADDR' => '127.0.0.1'
    'DOCUMENT_ROOT' => 'E:/xampp/htdocs/etrain/src/frontend/web'
    'REQUEST_SCHEME' => 'http'
    'CONTEXT_PREFIX' => ''
    'CONTEXT_DOCUMENT_ROOT' => 'E:/xampp/htdocs/etrain/src/frontend/web'
    'SERVER_ADMIN' => 'fr'
    'SCRIPT_FILENAME' => 'E:/xampp/htdocs/etrain/src/frontend/web/index.php'
    'REMOTE_PORT' => '50556'
    'REDIRECT_URL' => '/category/service/sizzle.min.map'
    'GATEWAY_INTERFACE' => 'CGI/1.1'
    'SERVER_PROTOCOL' => 'HTTP/1.1'
    'REQUEST_METHOD' => 'GET'
    'QUERY_STRING' => ''
    'REQUEST_URI' => '/category/service/sizzle.min.map'
    'SCRIPT_NAME' => '/index.php'
    'PHP_SELF' => '/index.php'
    'REQUEST_TIME_FLOAT' => 1440656883.094
    'REQUEST_TIME' => 1440656883
]
2015-08-27 14:28:14 [127.0.0.1][-][-][warning][yii\log\Dispatcher::dispatch] Unable to send log via yii\debug\LogTarget: Exception (Invalid Configuration) 'yii\base\InvalidConfigException' with message 'The directory does not exist: E:/xampp/htdocs/etrain/src/frontend/web/assets' 

in E:\xampp\htdocs\etrain\src\vendor\yiisoft\yii2\web\AssetManager.php:211

Stack trace:
#0 E:\xampp\htdocs\etrain\src\vendor\yiisoft\yii2\base\Object.php(107): yii\web\AssetManager->init()
#1 [internal function]: yii\base\Object->__construct(Array)
#2 E:\xampp\htdocs\etrain\src\vendor\yiisoft\yii2\di\Container.php(366): ReflectionClass->newInstanceArgs(Array)
#3 E:\xampp\htdocs\etrain\src\vendor\yiisoft\yii2\di\Container.php(151): yii\di\Container->build('yii\\web\\AssetMa...', Array, Array)
#4 E:\xampp\htdocs\etrain\src\vendor\yiisoft\yii2\BaseYii.php(344): yii\di\Container->get('yii\\web\\AssetMa...', Array, Array)
#5 E:\xampp\htdocs\etrain\src\vendor\yiisoft\yii2\di\ServiceLocator.php(133): yii\BaseYii::createObject(Array)
#6 E:\xampp\htdocs\etrain\src\vendor\yiisoft\yii2\base\Application.php(600): yii\di\ServiceLocator->get('assetManager')
#7 E:\xampp\htdocs\etrain\src\vendor\yiisoft\yii2\web\View.php(223): yii\base\Application->getAssetManager()
#8 E:\xampp\htdocs\etrain\src\vendor\yiisoft\yii2\base\Component.php(130): yii\web\View->getAssetManager()
#9 E:\xampp\htdocs\etrain\src\vendor\yiisoft\yii2-debug\panels\AssetPanel.php(53): yii\base\Component->__get('assetManager')
#10 E:\xampp\htdocs\etrain\src\vendor\yiisoft\yii2-debug\LogTarget.php(55): yii\debug\panels\AssetPanel->save()
#11 E:\xampp\htdocs\etrain\src\vendor\yiisoft\yii2-debug\LogTarget.php(112): yii\debug\LogTarget->export()
#12 E:\xampp\htdocs\etrain\src\vendor\yiisoft\yii2\log\Dispatcher.php(183): yii\debug\LogTarget->collect(Array, true)
#13 E:\xampp\htdocs\etrain\src\vendor\yiisoft\yii2\log\Logger.php(173): yii\log\Dispatcher->dispatch(Array, true)
#14 [internal function]: yii\log\Logger->flush(true)
#15 {main}
2015-08-27 14:28:13 [127.0.0.1][-][-][info][application] $_COOKIE = [
    'PHPSESSID' => 'gmvj2gjgao686lh311k5mo3dv6'
    '_csrf' => '87a45799a44170dcb1a28bdb568f1c61ef667385f42b26d20994ce61bcfe12f7a:2:{i:0;s:5:\"_csrf\";i:1;s:32:\"_kZjgN5kC67IcRi8IKj6sfaGQspfFe30\";}'
]

$_SERVER = [
    'MIBDIRS' => 'E:/xampp/php/extras/mibs'
    'MYSQL_HOME' => '\\xampp\\mysql\\bin'
    'OPENSSL_CONF' => 'E:/xampp/apache/bin/openssl.cnf'
    'PHP_PEAR_SYSCONF_DIR' => '\\xampp\\php'
    'PHPRC' => '\\xampp\\php'
    'TMP' => '\\xampp\\tmp'
    'HTTP_HOST' => 'fr'
    'HTTP_USER_AGENT' => 'Mozilla/5.0 (Windows NT 6.1; WOW64; rv:40.0) Gecko/20100101 Firefox/40.0'
    'HTTP_ACCEPT' => 'text/html,application/xhtml+xml,application/xml;q=0.9,*/*;q=0.8'
    'HTTP_ACCEPT_LANGUAGE' => 'zh-CN,zh;q=0.8,en-US;q=0.5,en;q=0.3'
    'HTTP_ACCEPT_ENCODING' => 'gzip, deflate'
    'HTTP_COOKIE' => 'PHPSESSID=gmvj2gjgao686lh311k5mo3dv6; _csrf=87a45799a44170dcb1a28bdb568f1c61ef667385f42b26d20994ce61bcfe12f7a%3A2%3A%7Bi%3A0%3Bs%3A5%3A%22_csrf%22%3Bi%3A1%3Bs%3A32%3A%22_kZjgN5kC67IcRi8IKj6sfaGQspfFe30%22%3B%7D'
    'HTTP_CONNECTION' => 'keep-alive'
    'PATH' => 'C:\\ProgramData\\Oracle\\Java\\javapath;C:\\Windows\\system32;C:\\Windows;C:\\Windows\\System32\\Wbem;C:\\Windows\\System32\\WindowsPowerShell\\v1.0\\;D:\\TortoiseSVN\\bin.;D:\\Java\\jdk1.8.0_51\\lib\\dt.jar;D:\\Java\\jdk1.8.0_51\\lib\\tools.jar;E:\\xampp\\php;C:\\ProgramData\\ComposerSetup\\bin;'
    'SystemRoot' => 'C:\\Windows'
    'COMSPEC' => 'C:\\Windows\\system32\\cmd.exe'
    'PATHEXT' => '.COM;.EXE;.BAT;.CMD;.VBS;.VBE;.JS;.JSE;.WSF;.WSH;.MSC'
    'WINDIR' => 'C:\\Windows'
    'SERVER_SIGNATURE' => '<address>Apache/2.4.12 (Win32) OpenSSL/1.0.1l PHP/5.6.8 Server at fr Port 80</address>
'
    'SERVER_SOFTWARE' => 'Apache/2.4.12 (Win32) OpenSSL/1.0.1l PHP/5.6.8'
    'SERVER_NAME' => 'fr'
    'SERVER_ADDR' => '127.0.0.1'
    'SERVER_PORT' => '80'
    'REMOTE_ADDR' => '127.0.0.1'
    'DOCUMENT_ROOT' => 'E:/xampp/htdocs/etrain/src/frontend/web'
    'REQUEST_SCHEME' => 'http'
    'CONTEXT_PREFIX' => ''
    'CONTEXT_DOCUMENT_ROOT' => 'E:/xampp/htdocs/etrain/src/frontend/web'
    'SERVER_ADMIN' => 'fr'
    'SCRIPT_FILENAME' => 'E:/xampp/htdocs/etrain/src/frontend/web/index.php'
    'REMOTE_PORT' => '50560'
    'GATEWAY_INTERFACE' => 'CGI/1.1'
    'SERVER_PROTOCOL' => 'HTTP/1.1'
    'REQUEST_METHOD' => 'GET'
    'QUERY_STRING' => ''
    'REQUEST_URI' => '/'
    'SCRIPT_NAME' => '/index.php'
    'PHP_SELF' => '/index.php'
    'REQUEST_TIME_FLOAT' => 1440656893.921
    'REQUEST_TIME' => 1440656893
]
2015-08-27 14:28:14 [127.0.0.1][-][-][warning][yii\log\Dispatcher::dispatch] Unable to send log via yii\debug\LogTarget: Exception (Invalid Configuration) 'yii\base\InvalidConfigException' with message 'The directory does not exist: E:/xampp/htdocs/etrain/src/frontend/web/assets' 

in E:\xampp\htdocs\etrain\src\vendor\yiisoft\yii2\web\AssetManager.php:211

Stack trace:
#0 E:\xampp\htdocs\etrain\src\vendor\yiisoft\yii2\base\Object.php(107): yii\web\AssetManager->init()
#1 [internal function]: yii\base\Object->__construct(Array)
#2 E:\xampp\htdocs\etrain\src\vendor\yiisoft\yii2\di\Container.php(366): ReflectionClass->newInstanceArgs(Array)
#3 E:\xampp\htdocs\etrain\src\vendor\yiisoft\yii2\di\Container.php(151): yii\di\Container->build('yii\\web\\AssetMa...', Array, Array)
#4 E:\xampp\htdocs\etrain\src\vendor\yiisoft\yii2\BaseYii.php(344): yii\di\Container->get('yii\\web\\AssetMa...', Array, Array)
#5 E:\xampp\htdocs\etrain\src\vendor\yiisoft\yii2\di\ServiceLocator.php(133): yii\BaseYii::createObject(Array)
#6 E:\xampp\htdocs\etrain\src\vendor\yiisoft\yii2\base\Application.php(600): yii\di\ServiceLocator->get('assetManager')
#7 E:\xampp\htdocs\etrain\src\vendor\yiisoft\yii2\web\View.php(223): yii\base\Application->getAssetManager()
#8 E:\xampp\htdocs\etrain\src\vendor\yiisoft\yii2\base\Component.php(130): yii\web\View->getAssetManager()
#9 E:\xampp\htdocs\etrain\src\vendor\yiisoft\yii2-debug\panels\AssetPanel.php(53): yii\base\Component->__get('assetManager')
#10 E:\xampp\htdocs\etrain\src\vendor\yiisoft\yii2-debug\LogTarget.php(55): yii\debug\panels\AssetPanel->save()
#11 E:\xampp\htdocs\etrain\src\vendor\yiisoft\yii2-debug\LogTarget.php(112): yii\debug\LogTarget->export()
#12 E:\xampp\htdocs\etrain\src\vendor\yiisoft\yii2\log\Dispatcher.php(183): yii\debug\LogTarget->collect(Array, true)
#13 E:\xampp\htdocs\etrain\src\vendor\yiisoft\yii2\log\Logger.php(173): yii\log\Dispatcher->dispatch(Array, true)
#14 [internal function]: yii\log\Logger->flush(true)
#15 {main}
2015-08-27 14:28:14 [127.0.0.1][-][-][info][application] $_COOKIE = [
    'PHPSESSID' => 'gmvj2gjgao686lh311k5mo3dv6'
    '_csrf' => '87a45799a44170dcb1a28bdb568f1c61ef667385f42b26d20994ce61bcfe12f7a:2:{i:0;s:5:\"_csrf\";i:1;s:32:\"_kZjgN5kC67IcRi8IKj6sfaGQspfFe30\";}'
]

$_SERVER = [
    'REDIRECT_MIBDIRS' => 'E:/xampp/php/extras/mibs'
    'REDIRECT_MYSQL_HOME' => '\\xampp\\mysql\\bin'
    'REDIRECT_OPENSSL_CONF' => 'E:/xampp/apache/bin/openssl.cnf'
    'REDIRECT_PHP_PEAR_SYSCONF_DIR' => '\\xampp\\php'
    'REDIRECT_PHPRC' => '\\xampp\\php'
    'REDIRECT_TMP' => '\\xampp\\tmp'
    'REDIRECT_STATUS' => '200'
    'MIBDIRS' => 'E:/xampp/php/extras/mibs'
    'MYSQL_HOME' => '\\xampp\\mysql\\bin'
    'OPENSSL_CONF' => 'E:/xampp/apache/bin/openssl.cnf'
    'PHP_PEAR_SYSCONF_DIR' => '\\xampp\\php'
    'PHPRC' => '\\xampp\\php'
    'TMP' => '\\xampp\\tmp'
    'HTTP_HOST' => 'fr'
    'HTTP_USER_AGENT' => 'Mozilla/5.0 (Windows NT 6.1; WOW64; rv:40.0) Gecko/20100101 Firefox/40.0'
    'HTTP_ACCEPT' => 'text/html,application/xhtml+xml,application/xml;q=0.9,*/*;q=0.8'
    'HTTP_ACCEPT_LANGUAGE' => 'zh-CN,zh;q=0.8,en-US;q=0.5,en;q=0.3'
    'HTTP_ACCEPT_ENCODING' => 'gzip, deflate'
    'HTTP_COOKIE' => 'PHPSESSID=gmvj2gjgao686lh311k5mo3dv6; _csrf=87a45799a44170dcb1a28bdb568f1c61ef667385f42b26d20994ce61bcfe12f7a%3A2%3A%7Bi%3A0%3Bs%3A5%3A%22_csrf%22%3Bi%3A1%3Bs%3A32%3A%22_kZjgN5kC67IcRi8IKj6sfaGQspfFe30%22%3B%7D'
    'HTTP_CONNECTION' => 'keep-alive'
    'HTTP_PRAGMA' => 'no-cache'
    'HTTP_CACHE_CONTROL' => 'no-cache'
    'PATH' => 'C:\\ProgramData\\Oracle\\Java\\javapath;C:\\Windows\\system32;C:\\Windows;C:\\Windows\\System32\\Wbem;C:\\Windows\\System32\\WindowsPowerShell\\v1.0\\;D:\\TortoiseSVN\\bin.;D:\\Java\\jdk1.8.0_51\\lib\\dt.jar;D:\\Java\\jdk1.8.0_51\\lib\\tools.jar;E:\\xampp\\php;C:\\ProgramData\\ComposerSetup\\bin;'
    'SystemRoot' => 'C:\\Windows'
    'COMSPEC' => 'C:\\Windows\\system32\\cmd.exe'
    'PATHEXT' => '.COM;.EXE;.BAT;.CMD;.VBS;.VBE;.JS;.JSE;.WSF;.WSH;.MSC'
    'WINDIR' => 'C:\\Windows'
    'SERVER_SIGNATURE' => '<address>Apache/2.4.12 (Win32) OpenSSL/1.0.1l PHP/5.6.8 Server at fr Port 80</address>
'
    'SERVER_SOFTWARE' => 'Apache/2.4.12 (Win32) OpenSSL/1.0.1l PHP/5.6.8'
    'SERVER_NAME' => 'fr'
    'SERVER_ADDR' => '127.0.0.1'
    'SERVER_PORT' => '80'
    'REMOTE_ADDR' => '127.0.0.1'
    'DOCUMENT_ROOT' => 'E:/xampp/htdocs/etrain/src/frontend/web'
    'REQUEST_SCHEME' => 'http'
    'CONTEXT_PREFIX' => ''
    'CONTEXT_DOCUMENT_ROOT' => 'E:/xampp/htdocs/etrain/src/frontend/web'
    'SERVER_ADMIN' => 'fr'
    'SCRIPT_FILENAME' => 'E:/xampp/htdocs/etrain/src/frontend/web/index.php'
    'REMOTE_PORT' => '50562'
    'REDIRECT_URL' => '/sizzle.min.map'
    'GATEWAY_INTERFACE' => 'CGI/1.1'
    'SERVER_PROTOCOL' => 'HTTP/1.1'
    'REQUEST_METHOD' => 'GET'
    'QUERY_STRING' => ''
    'REQUEST_URI' => '/sizzle.min.map'
    'SCRIPT_NAME' => '/index.php'
    'PHP_SELF' => '/index.php'
    'REQUEST_TIME_FLOAT' => 1440656894.341
    'REQUEST_TIME' => 1440656894
]
